2024-06-24 20:06:290 INFO  HomePage :78 - Click on desktop [[ChromeDriver: chrome on windows (3c267ac565cd9849fd9f4081a79268a0)] -> link text: Desktops]
2024-06-24 20:06:317 INFO  HomePage :53 - Select Show AllDesktops from [[[ChromeDriver: chrome on windows (3c267ac565cd9849fd9f4081a79268a0)] -> xpath: //nav[@id='menu']//ul/li[contains(@class, 'open')]/div/child::*], [[ChromeDriver: chrome on windows (3c267ac565cd9849fd9f4081a79268a0)] -> xpath: //nav[@id='menu']//ul/li[contains(@class, 'open')]/div/child::*]]
2024-06-24 20:06:11 INFO  DesktopPage :98 - Get desktop text[[ChromeDriver: chrome on windows (3c267ac565cd9849fd9f4081a79268a0)] -> xpath: //h2[contains(text(),'Desktops')]]
2024-06-24 20:06:171 INFO  HomePage :78 - Click on desktop [[ChromeDriver: chrome on windows (85e04f4a3c930097fa1b230e66b5f333)] -> link text: Desktops]
2024-06-24 20:06:202 INFO  HomePage :53 - Select Show AllDesktops from [[[ChromeDriver: chrome on windows (85e04f4a3c930097fa1b230e66b5f333)] -> xpath: //nav[@id='menu']//ul/li[contains(@class, 'open')]/div/child::*], [[ChromeDriver: chrome on windows (85e04f4a3c930097fa1b230e66b5f333)] -> xpath: //nav[@id='menu']//ul/li[contains(@class, 'open')]/div/child::*]]
2024-06-24 20:06:250 INFO  DesktopPage :98 - Get desktop text[[ChromeDriver: chrome on windows (85e04f4a3c930097fa1b230e66b5f333)] -> xpath: //h2[contains(text(),'Desktops')]]
2024-06-24 20:06:919 INFO  HomePage :83 - Click on laptops and notebooks [[ChromeDriver: chrome on windows (2d765f936a9b1e6fccc5a9ab0b3b7684)] -> link text: Laptops & Notebooks]
2024-06-24 20:06:947 INFO  HomePage :53 - Select Show AllLaptops & Notebooks from [[[ChromeDriver: chrome on windows (2d765f936a9b1e6fccc5a9ab0b3b7684)] -> xpath: //nav[@id='menu']//ul/li[contains(@class, 'open')]/div/child::*], [[ChromeDriver: chrome on windows (2d765f936a9b1e6fccc5a9ab0b3b7684)] -> xpath: //nav[@id='menu']//ul/li[contains(@class, 'open')]/div/child::*]]
2024-06-24 20:06:503 INFO  LaptopAndNotebookPage :101 - Get text [[ChromeDriver: chrome on windows (2d765f936a9b1e6fccc5a9ab0b3b7684)] -> xpath: //h2[contains(text(),'Laptops & Notebooks')]]
2024-06-24 20:06:830 INFO  HomePage :78 - Click on desktop [[ChromeDriver: chrome on windows (20734dc8b0068536000392b0f194896b)] -> link text: Desktops]
2024-06-24 20:06:888 INFO  HomePage :53 - Select Show AllDesktops from [[[ChromeDriver: chrome on windows (20734dc8b0068536000392b0f194896b)] -> xpath: //nav[@id='menu']//ul/li[contains(@class, 'open')]/div/child::*], [[ChromeDriver: chrome on windows (20734dc8b0068536000392b0f194896b)] -> xpath: //nav[@id='menu']//ul/li[contains(@class, 'open')]/div/child::*]]
2024-06-24 20:06:478 INFO  DesktopPage :98 - Get desktop text[[ChromeDriver: chrome on windows (20734dc8b0068536000392b0f194896b)] -> xpath: //h2[contains(text(),'Desktops')]]
2024-06-24 20:06:735 INFO  HomePage :83 - Click on laptops and notebooks [[ChromeDriver: chrome on windows (16c88b15df4f7d534ee096ce80b2567c)] -> link text: Laptops & Notebooks]
2024-06-24 20:06:767 INFO  HomePage :53 - Select Show AllLaptops & Notebooks from [[[ChromeDriver: chrome on windows (16c88b15df4f7d534ee096ce80b2567c)] -> xpath: //nav[@id='menu']//ul/li[contains(@class, 'open')]/div/child::*], [[ChromeDriver: chrome on windows (16c88b15df4f7d534ee096ce80b2567c)] -> xpath: //nav[@id='menu']//ul/li[contains(@class, 'open')]/div/child::*]]
2024-06-24 20:06:343 INFO  LaptopAndNotebookPage :101 - Get text [[ChromeDriver: chrome on windows (16c88b15df4f7d534ee096ce80b2567c)] -> xpath: //h2[contains(text(),'Laptops & Notebooks')]]
2024-06-24 20:06:349 INFO  HomePage :88 - Click on components [[ChromeDriver: chrome on windows (38b7eb4c253dacec6ad3f6049de804ff)] -> link text: Components]
2024-06-24 20:06:371 INFO  HomePage :53 - Select Show AllComponents from [[[ChromeDriver: chrome on windows (38b7eb4c253dacec6ad3f6049de804ff)] -> xpath: //nav[@id='menu']//ul/li[contains(@class, 'open')]/div/child::*], [[ChromeDriver: chrome on windows (38b7eb4c253dacec6ad3f6049de804ff)] -> xpath: //nav[@id='menu']//ul/li[contains(@class, 'open')]/div/child::*]]
2024-06-24 20:06:847 INFO  ComponentsPage :17 - Get component text[[ChromeDriver: chrome on windows (38b7eb4c253dacec6ad3f6049de804ff)] -> xpath: //h2[contains(text(),'Components')]]
2024-06-24 20:06:577 INFO  HomePage :78 - Click on desktop [[ChromeDriver: chrome on windows (39066e79e74eb010e45b681dd1d969b1)] -> link text: Desktops]
2024-06-24 20:06:610 INFO  HomePage :53 - Select Show AllDesktops from [[[ChromeDriver: chrome on windows (39066e79e74eb010e45b681dd1d969b1)] -> xpath: //nav[@id='menu']//ul/li[contains(@class, 'open')]/div/child::*], [[ChromeDriver: chrome on windows (39066e79e74eb010e45b681dd1d969b1)] -> xpath: //nav[@id='menu']//ul/li[contains(@class, 'open')]/div/child::*]]
2024-06-24 20:06:278 INFO  DesktopPage :98 - Get desktop text[[ChromeDriver: chrome on windows (39066e79e74eb010e45b681dd1d969b1)] -> xpath: //h2[contains(text(),'Desktops')]]
2024-06-24 20:06:484 INFO  HomePage :83 - Click on laptops and notebooks [[ChromeDriver: chrome on windows (2369f425b97d75dfb0697e4ce9ca3423)] -> link text: Laptops & Notebooks]
2024-06-24 20:06:518 INFO  HomePage :53 - Select Show AllLaptops & Notebooks from [[[ChromeDriver: chrome on windows (2369f425b97d75dfb0697e4ce9ca3423)] -> xpath: //nav[@id='menu']//ul/li[contains(@class, 'open')]/div/child::*], [[ChromeDriver: chrome on windows (2369f425b97d75dfb0697e4ce9ca3423)] -> xpath: //nav[@id='menu']//ul/li[contains(@class, 'open')]/div/child::*]]
2024-06-24 20:06:129 INFO  LaptopAndNotebookPage :101 - Get text [[ChromeDriver: chrome on windows (2369f425b97d75dfb0697e4ce9ca3423)] -> xpath: //h2[contains(text(),'Laptops & Notebooks')]]
2024-06-24 20:06:882 INFO  HomePage :88 - Click on components [[ChromeDriver: chrome on windows (f25aebf9c275a108c74cf56204819f9d)] -> link text: Components]
2024-06-24 20:06:903 INFO  HomePage :53 - Select Show AllComponents from [[[ChromeDriver: chrome on windows (f25aebf9c275a108c74cf56204819f9d)] -> xpath: //nav[@id='menu']//ul/li[contains(@class, 'open')]/div/child::*], [[ChromeDriver: chrome on windows (f25aebf9c275a108c74cf56204819f9d)] -> xpath: //nav[@id='menu']//ul/li[contains(@class, 'open')]/div/child::*]]
2024-06-24 20:06:373 INFO  ComponentsPage :17 - Get component text[[ChromeDriver: chrome on windows (f25aebf9c275a108c74cf56204819f9d)] -> xpath: //h2[contains(text(),'Components')]]
2024-06-25 21:06:786 INFO  HomePage :115 - Clicking on My Account Link [[ChromeDriver: chrome on windows (7bf182450a435b7322f3a30f484159a6)] -> xpath: //span[contains(text(),'My Account')]]
2024-06-25 21:06:456 INFO  RegisterPage :59 - Enter Firstname Priyanka to Firstname field [[ChromeDriver: chrome on windows (7bf182450a435b7322f3a30f484159a6)] -> id: input-firstname]
2024-06-25 21:06:561 INFO  RegisterPage :64 - Enter Lastname Korat to Lastname field [[ChromeDriver: chrome on windows (7bf182450a435b7322f3a30f484159a6)] -> id: input-lastname]
2024-06-25 21:06:795 INFO  RegisterPage :69 - Enter email sanganipriyanka to email field [[ChromeDriver: chrome on windows (7bf182450a435b7322f3a30f484159a6)] -> id: input-email]
2024-06-25 21:06:945 INFO  RegisterPage :74 - Enter Telephone 07678678678 to Telephone field [[ChromeDriver: chrome on windows (7bf182450a435b7322f3a30f484159a6)] -> id: input-telephone]
2024-06-25 21:06:80 INFO  RegisterPage :79 - Enter Password Test@123 to Password field [[ChromeDriver: chrome on windows (7bf182450a435b7322f3a30f484159a6)] -> id: input-password]
2024-06-25 21:06:211 INFO  RegisterPage :84 - Enter ConfirmPassword Test@123 to ConfirmPassword field [[ChromeDriver: chrome on windows (7bf182450a435b7322f3a30f484159a6)] -> id: input-confirm]
2024-06-25 21:06:262 INFO  RegisterPage :96 - Select Subscribe yes radio button [[[ChromeDriver: chrome on windows (7bf182450a435b7322f3a30f484159a6)] -> xpath: //fieldset[3]//input], [[ChromeDriver: chrome on windows (7bf182450a435b7322f3a30f484159a6)] -> xpath: //fieldset[3]//input]]
2024-06-25 21:06:349 INFO  RegisterPage :101 - Click on Privacy Policy check box [[ChromeDriver: chrome on windows (7bf182450a435b7322f3a30f484159a6)] -> xpath: //input[@name='agree']]
2024-06-25 21:06:38 INFO  RegisterPage :106 - Clicking on Continue Button [[ChromeDriver: chrome on windows (7bf182450a435b7322f3a30f484159a6)] -> xpath: //input[@type='submit']]
2024-06-25 21:06:78 INFO  RegisterPage :111 - Verify the message “Your Account Has Been Created!” [[ChromeDriver: chrome on windows (7bf182450a435b7322f3a30f484159a6)] -> xpath: //h1[text()='Your Account Has Been Created!']]
2024-06-25 21:06:393 INFO  RegisterPage :117 - Clicking on Continue Button [[ChromeDriver: chrome on windows (7bf182450a435b7322f3a30f484159a6)] -> xpath: //a[text()='Continue']]
2024-06-25 21:06:497 INFO  HomePage :115 - Clicking on My Account Link [[ChromeDriver: chrome on windows (7bf182450a435b7322f3a30f484159a6)] -> xpath: //span[contains(text(),'My Account')]]
2024-06-25 21:06:68 INFO  LogoutPage :21 - Verify text "Account Logout" [[ChromeDriver: chrome on windows (7bf182450a435b7322f3a30f484159a6)] -> xpath: //h1[text()='Account Logout']]
2024-06-25 21:06:419 INFO  RegisterPage :117 - Clicking on Continue Button [[ChromeDriver: chrome on windows (7bf182450a435b7322f3a30f484159a6)] -> xpath: //a[text()='Continue']]
2024-06-25 21:06:260 INFO  HomePage :115 - Clicking on My Account Link [[ChromeDriver: chrome on windows (e144554fef67e6a2438ddb5758808e2b)] -> xpath: //span[contains(text(),'My Account')]]
2024-06-25 21:06:36 INFO  RegisterPage :59 - Enter Firstname Priyanka to Firstname field [[ChromeDriver: chrome on windows (e144554fef67e6a2438ddb5758808e2b)] -> id: input-firstname]
2024-06-25 21:06:148 INFO  RegisterPage :64 - Enter Lastname Korat to Lastname field [[ChromeDriver: chrome on windows (e144554fef67e6a2438ddb5758808e2b)] -> id: input-lastname]
2024-06-25 21:06:348 INFO  RegisterPage :69 - Enter email sanganipriyanka to email field 
2024-06-25 21:06:466 INFO  RegisterPage :74 - Enter Telephone 07678678678 to Telephone field [[ChromeDriver: chrome on windows (e144554fef67e6a2438ddb5758808e2b)] -> id: input-telephone]
2024-06-25 21:06:591 INFO  RegisterPage :79 - Enter Password Test@123 to Password field [[ChromeDriver: chrome on windows (e144554fef67e6a2438ddb5758808e2b)] -> id: input-password]
2024-06-25 21:06:717 INFO  RegisterPage :84 - Enter ConfirmPassword Test@123 to ConfirmPassword field [[ChromeDriver: chrome on windows (e144554fef67e6a2438ddb5758808e2b)] -> id: input-confirm]
2024-06-25 21:06:764 INFO  RegisterPage :96 - Select Subscribe yes radio button [[[ChromeDriver: chrome on windows (e144554fef67e6a2438ddb5758808e2b)] -> xpath: //fieldset[3]//input], [[ChromeDriver: chrome on windows (e144554fef67e6a2438ddb5758808e2b)] -> xpath: //fieldset[3]//input]]
2024-06-25 21:06:848 INFO  RegisterPage :101 - Click on Privacy Policy check box [[ChromeDriver: chrome on windows (e144554fef67e6a2438ddb5758808e2b)] -> xpath: //input[@name='agree']]
2024-06-25 21:06:835 INFO  RegisterPage :106 - Clicking on Continue Button [[ChromeDriver: chrome on windows (e144554fef67e6a2438ddb5758808e2b)] -> xpath: //input[@type='submit']]
2024-06-25 21:06:862 INFO  RegisterPage :111 - Verify the message “Your Account Has Been Created!” [[ChromeDriver: chrome on windows (e144554fef67e6a2438ddb5758808e2b)] -> xpath: //h1[text()='Your Account Has Been Created!']]
2024-06-25 21:06:232 INFO  RegisterPage :117 - Clicking on Continue Button [[ChromeDriver: chrome on windows (e144554fef67e6a2438ddb5758808e2b)] -> xpath: //a[text()='Continue']]
2024-06-25 21:06:321 INFO  HomePage :115 - Clicking on My Account Link [[ChromeDriver: chrome on windows (e144554fef67e6a2438ddb5758808e2b)] -> xpath: //span[contains(text(),'My Account')]]
2024-06-25 21:06:974 INFO  LogoutPage :21 - Verify text "Account Logout" [[ChromeDriver: chrome on windows (e144554fef67e6a2438ddb5758808e2b)] -> xpath: //h1[text()='Account Logout']]
2024-06-25 21:06:394 INFO  RegisterPage :117 - Clicking on Continue Button [[ChromeDriver: chrome on windows (e144554fef67e6a2438ddb5758808e2b)] -> xpath: //a[text()='Continue']]
2024-06-25 21:06:281 INFO  HomePage :115 - Clicking on My Account Link [[ChromeDriver: chrome on windows (c91a3cb37b5b6b888d231060387f7773)] -> xpath: //span[contains(text(),'My Account')]]
2024-06-25 21:06:76 INFO  RegisterPage :59 - Enter Firstname Priyanka to Firstname field [[ChromeDriver: chrome on windows (c91a3cb37b5b6b888d231060387f7773)] -> id: input-firstname]
2024-06-25 21:06:175 INFO  RegisterPage :64 - Enter Lastname Korat to Lastname field [[ChromeDriver: chrome on windows (c91a3cb37b5b6b888d231060387f7773)] -> id: input-lastname]
2024-06-25 21:06:309 INFO  RegisterPage :70 - Enter email sanganipriyankasKQ@gmail.com to email field 
2024-06-25 21:06:437 INFO  RegisterPage :75 - Enter Telephone 07678678678 to Telephone field [[ChromeDriver: chrome on windows (c91a3cb37b5b6b888d231060387f7773)] -> id: input-telephone]
2024-06-25 21:06:540 INFO  RegisterPage :80 - Enter Password Test@123 to Password field [[ChromeDriver: chrome on windows (c91a3cb37b5b6b888d231060387f7773)] -> id: input-password]
2024-06-25 21:06:655 INFO  RegisterPage :85 - Enter ConfirmPassword Test@123 to ConfirmPassword field [[ChromeDriver: chrome on windows (c91a3cb37b5b6b888d231060387f7773)] -> id: input-confirm]
2024-06-25 21:06:715 INFO  RegisterPage :97 - Select Subscribe yes radio button [[[ChromeDriver: chrome on windows (c91a3cb37b5b6b888d231060387f7773)] -> xpath: //fieldset[3]//input], [[ChromeDriver: chrome on windows (c91a3cb37b5b6b888d231060387f7773)] -> xpath: //fieldset[3]//input]]
2024-06-25 21:06:813 INFO  RegisterPage :102 - Click on Privacy Policy check box [[ChromeDriver: chrome on windows (c91a3cb37b5b6b888d231060387f7773)] -> xpath: //input[@name='agree']]
2024-06-25 21:06:458 INFO  RegisterPage :107 - Clicking on Continue Button [[ChromeDriver: chrome on windows (c91a3cb37b5b6b888d231060387f7773)] -> xpath: //input[@type='submit']]
2024-06-25 21:06:494 INFO  RegisterPage :112 - Verify the message “Your Account Has Been Created!” [[ChromeDriver: chrome on windows (c91a3cb37b5b6b888d231060387f7773)] -> xpath: //h1[text()='Your Account Has Been Created!']]
2024-06-25 21:06:841 INFO  RegisterPage :118 - Clicking on Continue Button [[ChromeDriver: chrome on windows (c91a3cb37b5b6b888d231060387f7773)] -> xpath: //a[text()='Continue']]
2024-06-25 21:06:950 INFO  HomePage :115 - Clicking on My Account Link [[ChromeDriver: chrome on windows (c91a3cb37b5b6b888d231060387f7773)] -> xpath: //span[contains(text(),'My Account')]]
2024-06-25 21:06:523 INFO  LogoutPage :21 - Verify text "Account Logout" [[ChromeDriver: chrome on windows (c91a3cb37b5b6b888d231060387f7773)] -> xpath: //h1[text()='Account Logout']]
2024-06-25 21:06:894 INFO  RegisterPage :118 - Clicking on Continue Button [[ChromeDriver: chrome on windows (c91a3cb37b5b6b888d231060387f7773)] -> xpath: //a[text()='Continue']]
2024-06-25 21:06:484 INFO  HomePage :88 - Mouse hover on desktops Tab and click [[ChromeDriver: chrome on windows (44314eba16c57256108442657c1accf3)] -> link text: Desktops]
2024-06-25 21:06:527 INFO  HomePage :73 - Select Show AllDesktops from [[[ChromeDriver: chrome on windows (44314eba16c57256108442657c1accf3)] -> xpath: //nav[@id='menu']//ul/li[contains(@class, 'open')]/div/child::*], [[ChromeDriver: chrome on windows (44314eba16c57256108442657c1accf3)] -> xpath: //nav[@id='menu']//ul/li[contains(@class, 'open')]/div/child::*]]
2024-06-25 21:06:586 INFO  DesktopPage :179 - Select option product sorted by Name (Z - A)from sort by options [[ChromeDriver: chrome on windows (44314eba16c57256108442657c1accf3)] -> xpath: //select[@id='input-sort']]
2024-06-25 21:06:766 INFO  DesktopPage :189 - Expected Product List  [[[ChromeDriver: chrome on windows (44314eba16c57256108442657c1accf3)] -> xpath: //div[@class='caption']//h4/a], [[ChromeDriver: chrome on windows (44314eba16c57256108442657c1accf3)] -> xpath: //div[@class='caption']//h4/a], [[ChromeDriver: chrome on windows (44314eba16c57256108442657c1accf3)] -> xpath: //div[@class='caption']//h4/a], [[ChromeDriver: chrome on windows (44314eba16c57256108442657c1accf3)] -> xpath: //div[@class='caption']//h4/a], [[ChromeDriver: chrome on windows (44314eba16c57256108442657c1accf3)] -> xpath: //div[@class='caption']//h4/a], [[ChromeDriver: chrome on windows (44314eba16c57256108442657c1accf3)] -> xpath: //div[@class='caption']//h4/a], [[ChromeDriver: chrome on windows (44314eba16c57256108442657c1accf3)] -> xpath: //div[@class='caption']//h4/a], [[ChromeDriver: chrome on windows (44314eba16c57256108442657c1accf3)] -> xpath: //div[@class='caption']//h4/a], [[ChromeDriver: chrome on windows (44314eba16c57256108442657c1accf3)] -> xpath: //div[@class='caption']//h4/a], [[ChromeDriver: chrome on windows (44314eba16c57256108442657c1accf3)] -> xpath: //div[@class='caption']//h4/a], [[ChromeDriver: chrome on windows (44314eba16c57256108442657c1accf3)] -> xpath: //div[@class='caption']//h4/a], [[ChromeDriver: chrome on windows (44314eba16c57256108442657c1accf3)] -> xpath: //div[@class='caption']//h4/a]]
2024-06-25 21:06:925 INFO  DesktopPage :202 - After sorting product list  [[[ChromeDriver: chrome on windows (44314eba16c57256108442657c1accf3)] -> xpath: //div[@class='caption']//h4/a], [[ChromeDriver: chrome on windows (44314eba16c57256108442657c1accf3)] -> xpath: //div[@class='caption']//h4/a], [[ChromeDriver: chrome on windows (44314eba16c57256108442657c1accf3)] -> xpath: //div[@class='caption']//h4/a], [[ChromeDriver: chrome on windows (44314eba16c57256108442657c1accf3)] -> xpath: //div[@class='caption']//h4/a], [[ChromeDriver: chrome on windows (44314eba16c57256108442657c1accf3)] -> xpath: //div[@class='caption']//h4/a], [[ChromeDriver: chrome on windows (44314eba16c57256108442657c1accf3)] -> xpath: //div[@class='caption']//h4/a], [[ChromeDriver: chrome on windows (44314eba16c57256108442657c1accf3)] -> xpath: //div[@class='caption']//h4/a], [[ChromeDriver: chrome on windows (44314eba16c57256108442657c1accf3)] -> xpath: //div[@class='caption']//h4/a], [[ChromeDriver: chrome on windows (44314eba16c57256108442657c1accf3)] -> xpath: //div[@class='caption']//h4/a], [[ChromeDriver: chrome on windows (44314eba16c57256108442657c1accf3)] -> xpath: //div[@class='caption']//h4/a], [[ChromeDriver: chrome on windows (44314eba16c57256108442657c1accf3)] -> xpath: //div[@class='caption']//h4/a], [[ChromeDriver: chrome on windows (44314eba16c57256108442657c1accf3)] -> xpath: //div[@class='caption']//h4/a]]
2024-06-25 21:06:63 INFO  DesktopPage :189 - Expected Product List  [[[ChromeDriver: chrome on windows (44314eba16c57256108442657c1accf3)] -> xpath: //div[@class='caption']//h4/a], [[ChromeDriver: chrome on windows (44314eba16c57256108442657c1accf3)] -> xpath: //div[@class='caption']//h4/a], [[ChromeDriver: chrome on windows (44314eba16c57256108442657c1accf3)] -> xpath: //div[@class='caption']//h4/a], [[ChromeDriver: chrome on windows (44314eba16c57256108442657c1accf3)] -> xpath: //div[@class='caption']//h4/a], [[ChromeDriver: chrome on windows (44314eba16c57256108442657c1accf3)] -> xpath: //div[@class='caption']//h4/a], [[ChromeDriver: chrome on windows (44314eba16c57256108442657c1accf3)] -> xpath: //div[@class='caption']//h4/a], [[ChromeDriver: chrome on windows (44314eba16c57256108442657c1accf3)] -> xpath: //div[@class='caption']//h4/a], [[ChromeDriver: chrome on windows (44314eba16c57256108442657c1accf3)] -> xpath: //div[@class='caption']//h4/a], [[ChromeDriver: chrome on windows (44314eba16c57256108442657c1accf3)] -> xpath: //div[@class='caption']//h4/a], [[ChromeDriver: chrome on windows (44314eba16c57256108442657c1accf3)] -> xpath: //div[@class='caption']//h4/a], [[ChromeDriver: chrome on windows (44314eba16c57256108442657c1accf3)] -> xpath: //div[@class='caption']//h4/a], [[ChromeDriver: chrome on windows (44314eba16c57256108442657c1accf3)] -> xpath: //div[@class='caption']//h4/a]]
2024-06-25 21:06:846 INFO  HomePage :88 - Mouse hover on desktops Tab and click [[ChromeDriver: chrome on windows (cee5ae95941a5e1a09c77b141b872a19)] -> link text: Desktops]
2024-06-25 21:06:875 INFO  HomePage :73 - Select Show AllDesktops from [[[ChromeDriver: chrome on windows (cee5ae95941a5e1a09c77b141b872a19)] -> xpath: //nav[@id='menu']//ul/li[contains(@class, 'open')]/div/child::*], [[ChromeDriver: chrome on windows (cee5ae95941a5e1a09c77b141b872a19)] -> xpath: //nav[@id='menu']//ul/li[contains(@class, 'open')]/div/child::*]]
2024-06-25 21:06:784 INFO  HomePage :88 - Mouse hover on desktops Tab and click [[ChromeDriver: chrome on windows (cee5ae95941a5e1a09c77b141b872a19)] -> link text: Desktops]
2024-06-25 21:06:831 INFO  HomePage :73 - Select Show AllDesktops from [[[ChromeDriver: chrome on windows (cee5ae95941a5e1a09c77b141b872a19)] -> xpath: //nav[@id='menu']//ul/li[contains(@class, 'open')]/div/child::*], [[ChromeDriver: chrome on windows (cee5ae95941a5e1a09c77b141b872a19)] -> xpath: //nav[@id='menu']//ul/li[contains(@class, 'open')]/div/child::*]]
2024-06-25 21:06:603 INFO  DesktopPage :179 - Select option product sorted by Name (A - Z)from sort by options [[ChromeDriver: chrome on windows (cee5ae95941a5e1a09c77b141b872a19)] -> xpath: //select[@id='input-sort']]
2024-06-25 21:06:371 INFO  DesktopPage :162 - Clicked on product HTC Touch HD
2024-06-25 21:06:475 INFO  DesktopPage :145 - Clear text from element [[ChromeDriver: chrome on windows (cee5ae95941a5e1a09c77b141b872a19)] -> xpath: //input[@id='input-quantity']]
2024-06-25 21:06:658 INFO  DesktopPage :133 - Clicked on element [[ChromeDriver: chrome on windows (cee5ae95941a5e1a09c77b141b872a19)] -> id: button-cart]
2024-06-25 21:06:917 INFO  ProductPage :106 - Get [[ChromeDriver: chrome on windows (cee5ae95941a5e1a09c77b141b872a19)] -> xpath: //div[@class='alert alert-success alert-dismissible']]
2024-06-25 21:06:272 INFO  DesktopPage :174 - Click on cart link from success message  [[ChromeDriver: chrome on windows (cee5ae95941a5e1a09c77b141b872a19)] -> xpath: //a[normalize-space()='shopping cart']]
2024-06-25 21:06:329 INFO  HomePage :88 - Mouse hover on desktops Tab and click [[ChromeDriver: chrome on windows (2ebc48963f4778967641bbb2a9dff704)] -> link text: Desktops]
2024-06-25 21:06:366 INFO  HomePage :73 - Select Show AllDesktops from [[[ChromeDriver: chrome on windows (2ebc48963f4778967641bbb2a9dff704)] -> xpath: //nav[@id='menu']//ul/li[contains(@class, 'open')]/div/child::*], [[ChromeDriver: chrome on windows (2ebc48963f4778967641bbb2a9dff704)] -> xpath: //nav[@id='menu']//ul/li[contains(@class, 'open')]/div/child::*]]
2024-06-25 21:06:222 INFO  HomePage :88 - Mouse hover on desktops Tab and click [[ChromeDriver: chrome on windows (2ebc48963f4778967641bbb2a9dff704)] -> link text: Desktops]
2024-06-25 21:06:264 INFO  HomePage :73 - Select Show AllDesktops from [[[ChromeDriver: chrome on windows (2ebc48963f4778967641bbb2a9dff704)] -> xpath: //nav[@id='menu']//ul/li[contains(@class, 'open')]/div/child::*], [[ChromeDriver: chrome on windows (2ebc48963f4778967641bbb2a9dff704)] -> xpath: //nav[@id='menu']//ul/li[contains(@class, 'open')]/div/child::*]]
2024-06-25 21:06:53 INFO  DesktopPage :179 - Select option product sorted by Name (A - Z)from sort by options [[ChromeDriver: chrome on windows (2ebc48963f4778967641bbb2a9dff704)] -> xpath: //select[@id='input-sort']]
2024-06-25 21:06:993 INFO  DesktopPage :162 - Clicked on product iPhone
2024-06-25 21:06:94 INFO  DesktopPage :145 - Clear text from element [[ChromeDriver: chrome on windows (2ebc48963f4778967641bbb2a9dff704)] -> xpath: //input[@id='input-quantity']]
2024-06-25 21:06:307 INFO  DesktopPage :133 - Clicked on element [[ChromeDriver: chrome on windows (2ebc48963f4778967641bbb2a9dff704)] -> id: button-cart]
2024-06-25 21:06:497 INFO  ProductPage :106 - Get [[ChromeDriver: chrome on windows (2ebc48963f4778967641bbb2a9dff704)] -> xpath: //div[@class='alert alert-success alert-dismissible']]
2024-06-25 21:06:884 INFO  DesktopPage :174 - Click on cart link from success message  [[ChromeDriver: chrome on windows (2ebc48963f4778967641bbb2a9dff704)] -> xpath: //a[normalize-space()='shopping cart']]
2024-06-25 21:06:391 INFO  HomePage :88 - Mouse hover on desktops Tab and click [[ChromeDriver: chrome on windows (9a0d147fb31d2c2538708ed7c7251f0a)] -> link text: Desktops]
2024-06-25 21:06:409 INFO  HomePage :73 - Select Show AllDesktops from [[[ChromeDriver: chrome on windows (9a0d147fb31d2c2538708ed7c7251f0a)] -> xpath: //nav[@id='menu']//ul/li[contains(@class, 'open')]/div/child::*], [[ChromeDriver: chrome on windows (9a0d147fb31d2c2538708ed7c7251f0a)] -> xpath: //nav[@id='menu']//ul/li[contains(@class, 'open')]/div/child::*]]
2024-06-25 21:06:135 INFO  HomePage :88 - Mouse hover on desktops Tab and click [[ChromeDriver: chrome on windows (9a0d147fb31d2c2538708ed7c7251f0a)] -> link text: Desktops]
2024-06-25 21:06:165 INFO  HomePage :73 - Select Show AllDesktops from [[[ChromeDriver: chrome on windows (9a0d147fb31d2c2538708ed7c7251f0a)] -> xpath: //nav[@id='menu']//ul/li[contains(@class, 'open')]/div/child::*], [[ChromeDriver: chrome on windows (9a0d147fb31d2c2538708ed7c7251f0a)] -> xpath: //nav[@id='menu']//ul/li[contains(@class, 'open')]/div/child::*]]
2024-06-25 21:06:941 INFO  DesktopPage :179 - Select option product sorted by Name (A - Z)from sort by options [[ChromeDriver: chrome on windows (9a0d147fb31d2c2538708ed7c7251f0a)] -> xpath: //select[@id='input-sort']]
2024-06-25 21:06:715 INFO  DesktopPage :162 - Clicked on product iPod Classic
2024-06-25 21:06:821 INFO  DesktopPage :145 - Clear text from element [[ChromeDriver: chrome on windows (9a0d147fb31d2c2538708ed7c7251f0a)] -> xpath: //input[@id='input-quantity']]
2024-06-25 21:06:01 INFO  DesktopPage :133 - Clicked on element [[ChromeDriver: chrome on windows (9a0d147fb31d2c2538708ed7c7251f0a)] -> id: button-cart]
2024-06-25 21:06:228 INFO  ProductPage :106 - Get [[ChromeDriver: chrome on windows (9a0d147fb31d2c2538708ed7c7251f0a)] -> xpath: //div[@class='alert alert-success alert-dismissible']]
2024-06-25 21:06:581 INFO  DesktopPage :174 - Click on cart link from success message  [[ChromeDriver: chrome on windows (9a0d147fb31d2c2538708ed7c7251f0a)] -> xpath: //a[normalize-space()='shopping cart']]
2024-06-25 21:06:594 INFO  HomePage :88 - Mouse hover on desktops Tab and click [[ChromeDriver: chrome on windows (2fc8e82905814f85b522470b374449b7)] -> link text: Desktops]
2024-06-25 21:06:628 INFO  HomePage :73 - Select Show AllDesktops from [[[ChromeDriver: chrome on windows (2fc8e82905814f85b522470b374449b7)] -> xpath: //nav[@id='menu']//ul/li[contains(@class, 'open')]/div/child::*], [[ChromeDriver: chrome on windows (2fc8e82905814f85b522470b374449b7)] -> xpath: //nav[@id='menu']//ul/li[contains(@class, 'open')]/div/child::*]]
2024-06-25 21:06:599 INFO  HomePage :88 - Mouse hover on desktops Tab and click [[ChromeDriver: chrome on windows (2fc8e82905814f85b522470b374449b7)] -> link text: Desktops]
2024-06-25 21:06:629 INFO  HomePage :73 - Select Show AllDesktops from [[[ChromeDriver: chrome on windows (2fc8e82905814f85b522470b374449b7)] -> xpath: //nav[@id='menu']//ul/li[contains(@class, 'open')]/div/child::*], [[ChromeDriver: chrome on windows (2fc8e82905814f85b522470b374449b7)] -> xpath: //nav[@id='menu']//ul/li[contains(@class, 'open')]/div/child::*]]
2024-06-25 21:06:349 INFO  DesktopPage :179 - Select option product sorted by Name (A - Z)from sort by options [[ChromeDriver: chrome on windows (2fc8e82905814f85b522470b374449b7)] -> xpath: //select[@id='input-sort']]
2024-06-25 21:06:259 INFO  DesktopPage :162 - Clicked on product MacBook
2024-06-25 21:06:365 INFO  DesktopPage :145 - Clear text from element [[ChromeDriver: chrome on windows (2fc8e82905814f85b522470b374449b7)] -> xpath: //input[@id='input-quantity']]
2024-06-25 21:06:542 INFO  DesktopPage :133 - Clicked on element [[ChromeDriver: chrome on windows (2fc8e82905814f85b522470b374449b7)] -> id: button-cart]
2024-06-25 21:06:721 INFO  ProductPage :106 - Get [[ChromeDriver: chrome on windows (2fc8e82905814f85b522470b374449b7)] -> xpath: //div[@class='alert alert-success alert-dismissible']]
2024-06-25 21:06:79 INFO  DesktopPage :174 - Click on cart link from success message  [[ChromeDriver: chrome on windows (2fc8e82905814f85b522470b374449b7)] -> xpath: //a[normalize-space()='shopping cart']]
2024-06-25 21:06:539 INFO  HomePage :88 - Mouse hover on desktops Tab and click [[ChromeDriver: chrome on windows (6d0f62b35eb338db78590b04976a931e)] -> link text: Desktops]
2024-06-25 21:06:554 INFO  HomePage :73 - Select Show AllDesktops from [[[ChromeDriver: chrome on windows (6d0f62b35eb338db78590b04976a931e)] -> xpath: //nav[@id='menu']//ul/li[contains(@class, 'open')]/div/child::*], [[ChromeDriver: chrome on windows (6d0f62b35eb338db78590b04976a931e)] -> xpath: //nav[@id='menu']//ul/li[contains(@class, 'open')]/div/child::*]]
2024-06-25 21:06:247 INFO  HomePage :88 - Mouse hover on desktops Tab and click [[ChromeDriver: chrome on windows (6d0f62b35eb338db78590b04976a931e)] -> link text: Desktops]
2024-06-25 21:06:263 INFO  HomePage :73 - Select Show AllDesktops from [[[ChromeDriver: chrome on windows (6d0f62b35eb338db78590b04976a931e)] -> xpath: //nav[@id='menu']//ul/li[contains(@class, 'open')]/div/child::*], [[ChromeDriver: chrome on windows (6d0f62b35eb338db78590b04976a931e)] -> xpath: //nav[@id='menu']//ul/li[contains(@class, 'open')]/div/child::*]]
2024-06-25 21:06:46 INFO  DesktopPage :179 - Select option product sorted by Name (A - Z)from sort by options [[ChromeDriver: chrome on windows (6d0f62b35eb338db78590b04976a931e)] -> xpath: //select[@id='input-sort']]
2024-06-25 21:06:801 INFO  DesktopPage :162 - Clicked on product MacBook Air
2024-06-25 21:06:905 INFO  DesktopPage :145 - Clear text from element [[ChromeDriver: chrome on windows (6d0f62b35eb338db78590b04976a931e)] -> xpath: //input[@id='input-quantity']]
2024-06-25 21:06:52 INFO  DesktopPage :133 - Clicked on element [[ChromeDriver: chrome on windows (6d0f62b35eb338db78590b04976a931e)] -> id: button-cart]
2024-06-25 21:06:273 INFO  ProductPage :106 - Get [[ChromeDriver: chrome on windows (6d0f62b35eb338db78590b04976a931e)] -> xpath: //div[@class='alert alert-success alert-dismissible']]
2024-06-25 21:06:611 INFO  DesktopPage :174 - Click on cart link from success message  [[ChromeDriver: chrome on windows (6d0f62b35eb338db78590b04976a931e)] -> xpath: //a[normalize-space()='shopping cart']]
2024-06-25 21:06:433 INFO  HomePage :88 - Mouse hover on desktops Tab and click [[ChromeDriver: chrome on windows (ea99032d1a548dc1ed92cef209f3187a)] -> link text: Desktops]
2024-06-25 21:06:461 INFO  HomePage :73 - Select Show AllDesktops from [[[ChromeDriver: chrome on windows (ea99032d1a548dc1ed92cef209f3187a)] -> xpath: //nav[@id='menu']//ul/li[contains(@class, 'open')]/div/child::*], [[ChromeDriver: chrome on windows (ea99032d1a548dc1ed92cef209f3187a)] -> xpath: //nav[@id='menu']//ul/li[contains(@class, 'open')]/div/child::*]]
2024-06-25 21:06:264 INFO  HomePage :88 - Mouse hover on desktops Tab and click [[ChromeDriver: chrome on windows (ea99032d1a548dc1ed92cef209f3187a)] -> link text: Desktops]
2024-06-25 21:06:302 INFO  HomePage :73 - Select Show AllDesktops from [[[ChromeDriver: chrome on windows (ea99032d1a548dc1ed92cef209f3187a)] -> xpath: //nav[@id='menu']//ul/li[contains(@class, 'open')]/div/child::*], [[ChromeDriver: chrome on windows (ea99032d1a548dc1ed92cef209f3187a)] -> xpath: //nav[@id='menu']//ul/li[contains(@class, 'open')]/div/child::*]]
2024-06-25 21:06:152 INFO  DesktopPage :179 - Select option product sorted by Name (A - Z)from sort by options [[ChromeDriver: chrome on windows (ea99032d1a548dc1ed92cef209f3187a)] -> xpath: //select[@id='input-sort']]
2024-06-25 21:06:131 INFO  DesktopPage :162 - Clicked on product Sony VAIO
2024-06-25 21:06:238 INFO  DesktopPage :145 - Clear text from element [[ChromeDriver: chrome on windows (ea99032d1a548dc1ed92cef209f3187a)] -> xpath: //input[@id='input-quantity']]
2024-06-25 21:06:420 INFO  DesktopPage :133 - Clicked on element [[ChromeDriver: chrome on windows (ea99032d1a548dc1ed92cef209f3187a)] -> id: button-cart]
2024-06-25 21:06:639 INFO  ProductPage :106 - Get [[ChromeDriver: chrome on windows (ea99032d1a548dc1ed92cef209f3187a)] -> xpath: //div[@class='alert alert-success alert-dismissible']]
2024-06-25 21:06:00 INFO  DesktopPage :174 - Click on cart link from success message  [[ChromeDriver: chrome on windows (ea99032d1a548dc1ed92cef209f3187a)] -> xpath: //a[normalize-space()='shopping cart']]
2024-06-25 21:06:343 INFO  HomePage :94 - Mouse hover on laptops and Notebooks Tab and click [[ChromeDriver: chrome on windows (8894b6929f5c75a5abb425bc01cd5caa)] -> link text: Laptops & Notebooks]
2024-06-25 21:06:365 INFO  HomePage :73 - Select Show AllLaptops & Notebooks from [[[ChromeDriver: chrome on windows (8894b6929f5c75a5abb425bc01cd5caa)] -> xpath: //nav[@id='menu']//ul/li[contains(@class, 'open')]/div/child::*], [[ChromeDriver: chrome on windows (8894b6929f5c75a5abb425bc01cd5caa)] -> xpath: //nav[@id='menu']//ul/li[contains(@class, 'open')]/div/child::*]]
2024-06-25 21:06:881 INFO  DesktopPage :109 - Select text from visible text in Price (High > Low)[[ChromeDriver: chrome on windows (8894b6929f5c75a5abb425bc01cd5caa)] -> id: input-sort]
2024-06-25 21:06:338 INFO  LaptopAndNotebookPage :177 - Verify Product sorted  price High to low [[[ChromeDriver: chrome on windows (8894b6929f5c75a5abb425bc01cd5caa)] -> xpath: //p[@class ='price']], [[ChromeDriver: chrome on windows (8894b6929f5c75a5abb425bc01cd5caa)] -> xpath: //p[@class ='price']], [[ChromeDriver: chrome on windows (8894b6929f5c75a5abb425bc01cd5caa)] -> xpath: //p[@class ='price']], [[ChromeDriver: chrome on windows (8894b6929f5c75a5abb425bc01cd5caa)] -> xpath: //p[@class ='price']], [[ChromeDriver: chrome on windows (8894b6929f5c75a5abb425bc01cd5caa)] -> xpath: //p[@class ='price']]]
2024-06-25 21:06:419 INFO  LaptopAndNotebookPage :177 - Verify Product sorted  price High to low [[[ChromeDriver: chrome on windows (8894b6929f5c75a5abb425bc01cd5caa)] -> xpath: //p[@class ='price']], [[ChromeDriver: chrome on windows (8894b6929f5c75a5abb425bc01cd5caa)] -> xpath: //p[@class ='price']], [[ChromeDriver: chrome on windows (8894b6929f5c75a5abb425bc01cd5caa)] -> xpath: //p[@class ='price']], [[ChromeDriver: chrome on windows (8894b6929f5c75a5abb425bc01cd5caa)] -> xpath: //p[@class ='price']], [[ChromeDriver: chrome on windows (8894b6929f5c75a5abb425bc01cd5caa)] -> xpath: //p[@class ='price']]]
2024-06-25 21:06:31 INFO  HomePage :94 - Mouse hover on laptops and Notebooks Tab and click [[ChromeDriver: chrome on windows (f5c34dbcf488f302e2311ee15ea228e3)] -> link text: Laptops & Notebooks]
2024-06-25 21:06:47 INFO  HomePage :73 - Select Show AllLaptops & Notebooks from [[[ChromeDriver: chrome on windows (f5c34dbcf488f302e2311ee15ea228e3)] -> xpath: //nav[@id='menu']//ul/li[contains(@class, 'open')]/div/child::*], [[ChromeDriver: chrome on windows (f5c34dbcf488f302e2311ee15ea228e3)] -> xpath: //nav[@id='menu']//ul/li[contains(@class, 'open')]/div/child::*]]
2024-06-25 21:06:580 INFO  DesktopPage :109 - Select text from visible text in Price (High > Low)[[ChromeDriver: chrome on windows (f5c34dbcf488f302e2311ee15ea228e3)] -> id: input-sort]
2024-06-25 21:06:554 INFO  DesktopPage :162 - Clicked on product HP LP3065
2024-06-25 21:06:672 INFO  ProductPage :82 - Add to cart button clicked [[ChromeDriver: chrome on windows (f5c34dbcf488f302e2311ee15ea228e3)] -> xpath: //button[@id='button-cart']]
2024-06-25 21:06:853 INFO  ProductPage :106 - Get [[ChromeDriver: chrome on windows (f5c34dbcf488f302e2311ee15ea228e3)] -> xpath: //div[@class='alert alert-success alert-dismissible']]
2024-06-25 21:06:342 INFO  ProductPage :96 - Shopping cart message not shown in [[ChromeDriver: chrome on windows (f5c34dbcf488f302e2311ee15ea228e3)] -> xpath: //a[contains(text(),'shopping cart')]]
2024-06-25 21:06:165 INFO  LaptopAndNotebookPage :206 - Send text to mandatory field as [[ChromeDriver: chrome on windows (f5c34dbcf488f302e2311ee15ea228e3)] -> id: input-payment-firstname] and value is  Smita
2024-06-25 21:06:351 INFO  LaptopAndNotebookPage :206 - Send text to mandatory field as [[ChromeDriver: chrome on windows (f5c34dbcf488f302e2311ee15ea228e3)] -> id: input-payment-lastname] and value is  Vaja
2024-06-25 21:06:543 INFO  LaptopAndNotebookPage :206 - Send text to mandatory field as [[ChromeDriver: chrome on windows (f5c34dbcf488f302e2311ee15ea228e3)] -> id: input-payment-email] and value is  smita+123@gmail.com
2024-06-25 21:06:679 INFO  LaptopAndNotebookPage :206 - Send text to mandatory field as [[ChromeDriver: chrome on windows (f5c34dbcf488f302e2311ee15ea228e3)] -> id: input-payment-telephone] and value is  07438939393993
2024-06-25 21:06:803 INFO  LaptopAndNotebookPage :206 - Send text to mandatory field as [[ChromeDriver: chrome on windows (f5c34dbcf488f302e2311ee15ea228e3)] -> id: input-payment-address-1] and value is  Wembley
2024-06-25 21:06:927 INFO  LaptopAndNotebookPage :206 - Send text to mandatory field as [[ChromeDriver: chrome on windows (f5c34dbcf488f302e2311ee15ea228e3)] -> id: input-payment-city] and value is  London
2024-06-25 21:06:56 INFO  LaptopAndNotebookPage :206 - Send text to mandatory field as [[ChromeDriver: chrome on windows (f5c34dbcf488f302e2311ee15ea228e3)] -> id: input-payment-postcode] and value is  HA9 7AX
2024-06-25 21:06:163 INFO  LaptopAndNotebookPage :211 - Enter state text to mandatory field as [[ChromeDriver: chrome on windows (f5c34dbcf488f302e2311ee15ea228e3)] -> id: input-payment-zone] and value is  3553
2024-06-25 21:06:475 INFO  HomePage :143 - Clicking on My Account Link [[ChromeDriver: chrome on windows (ed9c187cd0c560de1fe944ebe2b70660)] -> xpath: //span[contains(text(),'My Account')]]
2024-06-25 21:06:480 INFO  HomePage :104 - Selected option is Register
2024-06-25 21:06:15 INFO  RegisterPage :53 - Verify the text “Register Account”. [[ChromeDriver: chrome on windows (ed9c187cd0c560de1fe944ebe2b70660)] -> xpath: //h1[contains(text(),'Register Account')]]
2024-06-25 21:06:978 INFO  HomePage :143 - Clicking on My Account Link [[ChromeDriver: chrome on windows (c1269c559da8932c00c1f4815ecbada3)] -> xpath: //span[contains(text(),'My Account')]]
2024-06-25 21:06:980 INFO  HomePage :104 - Selected option is Login
2024-06-25 21:06:349 INFO  LoginPage :31 - Verify the text “Returning Customer” [[ChromeDriver: chrome on windows (c1269c559da8932c00c1f4815ecbada3)] -> xpath: //h2[contains(text(),'Returning Customer')]]
2024-06-25 21:06:424 INFO  HomePage :143 - Clicking on My Account Link [[ChromeDriver: chrome on windows (f386c2b482105dac28f1ee70e12b3671)] -> xpath: //span[contains(text(),'My Account')]]
2024-06-25 21:06:428 INFO  HomePage :104 - Selected option is Register
2024-06-25 21:06:232 INFO  RegisterPage :59 - Enter Firstname Priyanka to Firstname field [[ChromeDriver: chrome on windows (f386c2b482105dac28f1ee70e12b3671)] -> id: input-firstname]
2024-06-25 21:06:367 INFO  RegisterPage :64 - Enter Lastname Korat to Lastname field [[ChromeDriver: chrome on windows (f386c2b482105dac28f1ee70e12b3671)] -> id: input-lastname]
2024-06-25 21:06:577 INFO  RegisterPage :70 - Enter email sanganipriyankaklA@gmail.com to email field 
2024-06-25 21:06:718 INFO  RegisterPage :75 - Enter Telephone 07678678678 to Telephone field [[ChromeDriver: chrome on windows (f386c2b482105dac28f1ee70e12b3671)] -> id: input-telephone]
2024-06-25 21:06:860 INFO  RegisterPage :80 - Enter Password Test@123 to Password field [[ChromeDriver: chrome on windows (f386c2b482105dac28f1ee70e12b3671)] -> id: input-password]
2024-06-25 21:06:969 INFO  RegisterPage :85 - Enter ConfirmPassword Test@123 to ConfirmPassword field [[ChromeDriver: chrome on windows (f386c2b482105dac28f1ee70e12b3671)] -> id: input-confirm]
2024-06-25 21:06:10 INFO  RegisterPage :97 - Select Subscribe yes radio button [[[ChromeDriver: chrome on windows (f386c2b482105dac28f1ee70e12b3671)] -> xpath: //fieldset[3]//input], [[ChromeDriver: chrome on windows (f386c2b482105dac28f1ee70e12b3671)] -> xpath: //fieldset[3]//input]]
2024-06-25 21:06:91 INFO  RegisterPage :102 - Click on Privacy Policy check box [[ChromeDriver: chrome on windows (f386c2b482105dac28f1ee70e12b3671)] -> xpath: //input[@name='agree']]
2024-06-25 21:06:805 INFO  RegisterPage :107 - Clicking on Continue Button [[ChromeDriver: chrome on windows (f386c2b482105dac28f1ee70e12b3671)] -> xpath: //input[@type='submit']]
2024-06-25 21:06:841 INFO  RegisterPage :112 - Verify the message “Your Account Has Been Created!” [[ChromeDriver: chrome on windows (f386c2b482105dac28f1ee70e12b3671)] -> xpath: //h1[text()='Your Account Has Been Created!']]
2024-06-25 21:06:145 INFO  RegisterPage :118 - Clicking on Continue Button [[ChromeDriver: chrome on windows (f386c2b482105dac28f1ee70e12b3671)] -> xpath: //a[text()='Continue']]
2024-06-25 21:06:214 INFO  HomePage :143 - Clicking on My Account Link [[ChromeDriver: chrome on windows (f386c2b482105dac28f1ee70e12b3671)] -> xpath: //span[contains(text(),'My Account')]]
2024-06-25 21:06:218 INFO  HomePage :104 - Selected option is Logout
2024-06-25 21:06:742 INFO  LogoutPage :21 - Verify text "Account Logout" [[ChromeDriver: chrome on windows (f386c2b482105dac28f1ee70e12b3671)] -> xpath: //h1[text()='Account Logout']]
2024-06-25 21:06:120 INFO  RegisterPage :118 - Clicking on Continue Button [[ChromeDriver: chrome on windows (f386c2b482105dac28f1ee70e12b3671)] -> xpath: //a[text()='Continue']]
2024-06-25 21:06:204 INFO  HomePage :143 - Clicking on My Account Link [[ChromeDriver: chrome on windows (a86f5c9b1b7278a63a8307d6437c2683)] -> xpath: //span[contains(text(),'My Account')]]
2024-06-25 21:06:208 INFO  HomePage :104 - Selected option is Login
2024-06-25 21:06:760 INFO  LoginPage :38 - Enter email sanganipriyankasKQ@gmail.comto email field [[ChromeDriver: chrome on windows (a86f5c9b1b7278a63a8307d6437c2683)] -> id: input-email]
2024-06-25 21:06:863 INFO  LoginPage :44 - Enter password Test@123to password field [[ChromeDriver: chrome on windows (a86f5c9b1b7278a63a8307d6437c2683)] -> id: input-password]
2024-06-25 21:06:438 INFO  LoginPage :50 - Clicking on Login Button [[ChromeDriver: chrome on windows (a86f5c9b1b7278a63a8307d6437c2683)] -> xpath: //input[@value='Login']]
2024-06-25 21:06:527 INFO  LoginPage :55 - Verify text “My Account” [[ChromeDriver: chrome on windows (a86f5c9b1b7278a63a8307d6437c2683)] -> xpath: //h2[text()='My Account']]
2024-06-25 21:06:602 INFO  HomePage :143 - Clicking on My Account Link [[ChromeDriver: chrome on windows (a86f5c9b1b7278a63a8307d6437c2683)] -> xpath: //span[contains(text(),'My Account')]]
2024-06-25 21:06:604 INFO  HomePage :104 - Selected option is Logout
2024-06-25 21:06:180 INFO  LogoutPage :21 - Verify text "Account Logout" [[ChromeDriver: chrome on windows (a86f5c9b1b7278a63a8307d6437c2683)] -> xpath: //h1[text()='Account Logout']]
2024-06-25 21:06:562 INFO  RegisterPage :118 - Clicking on Continue Button [[ChromeDriver: chrome on windows (a86f5c9b1b7278a63a8307d6437c2683)] -> xpath: //a[text()='Continue']]
2024-06-25 21:06:978 INFO  HomePage :88 - Mouse hover on desktops Tab and click [[ChromeDriver: chrome on windows (608f6dc006639578092b35d44948ba4c)] -> link text: Desktops]
2024-06-25 21:06:00 INFO  HomePage :73 - Select Show AllDesktops from [[[ChromeDriver: chrome on windows (608f6dc006639578092b35d44948ba4c)] -> xpath: //nav[@id='menu']//ul/li[contains(@class, 'open')]/div/child::*], [[ChromeDriver: chrome on windows (608f6dc006639578092b35d44948ba4c)] -> xpath: //nav[@id='menu']//ul/li[contains(@class, 'open')]/div/child::*]]
2024-06-25 21:06:581 INFO  DesktopPage :103 - Getting desktop text [[ChromeDriver: chrome on windows (608f6dc006639578092b35d44948ba4c)] -> xpath: //h2[contains(text(),'Desktops')]]
2024-06-25 21:06:817 INFO  HomePage :94 - Mouse hover on laptops and Notebooks Tab and click [[ChromeDriver: chrome on windows (1d95017c95b394226498467bb271fd9e)] -> link text: Laptops & Notebooks]
2024-06-25 21:06:839 INFO  HomePage :73 - Select Show AllLaptops & Notebooks from [[[ChromeDriver: chrome on windows (1d95017c95b394226498467bb271fd9e)] -> xpath: //nav[@id='menu']//ul/li[contains(@class, 'open')]/div/child::*], [[ChromeDriver: chrome on windows (1d95017c95b394226498467bb271fd9e)] -> xpath: //nav[@id='menu']//ul/li[contains(@class, 'open')]/div/child::*]]
2024-06-25 21:06:370 INFO  LaptopAndNotebookPage :132 - Get Laptops&Notebooks tab text  [[ChromeDriver: chrome on windows (1d95017c95b394226498467bb271fd9e)] -> xpath: //h2[contains(text(),'Laptops & Notebooks')]]
2024-06-25 21:06:724 INFO  HomePage :99 - Mouse hover on component Tab and click [[ChromeDriver: chrome on windows (6051d6cdfff967b56d69ecf3dde5f40c)] -> link text: Components]
2024-06-25 21:06:740 INFO  HomePage :73 - Select Show AllComponents from [[[ChromeDriver: chrome on windows (6051d6cdfff967b56d69ecf3dde5f40c)] -> xpath: //nav[@id='menu']//ul/li[contains(@class, 'open')]/div/child::*], [[ChromeDriver: chrome on windows (6051d6cdfff967b56d69ecf3dde5f40c)] -> xpath: //nav[@id='menu']//ul/li[contains(@class, 'open')]/div/child::*]]
2024-06-25 21:06:197 INFO  ComponentsPage :17 - Get component text[[ChromeDriver: chrome on windows (6051d6cdfff967b56d69ecf3dde5f40c)] -> xpath: //h2[contains(text(),'Components')]]
2024-06-25 21:06:83 INFO  HomePage :88 - Mouse hover on desktops Tab and click [[ChromeDriver: chrome on windows (c6fb1009a43bfc355a537fe2ad0ba3dd)] -> link text: Desktops]
2024-06-25 21:06:177 INFO  HomePage :73 - Select Show AllDesktops from [[[ChromeDriver: chrome on windows (c6fb1009a43bfc355a537fe2ad0ba3dd)] -> xpath: //nav[@id='menu']//ul/li[contains(@class, 'open')]/div/child::*], [[ChromeDriver: chrome on windows (c6fb1009a43bfc355a537fe2ad0ba3dd)] -> xpath: //nav[@id='menu']//ul/li[contains(@class, 'open')]/div/child::*]]
2024-06-25 21:06:372 INFO  DesktopPage :179 - Select option product sorted by Name (Z - A)from sort by options [[ChromeDriver: chrome on windows (c6fb1009a43bfc355a537fe2ad0ba3dd)] -> xpath: //select[@id='input-sort']]
2024-06-25 21:06:565 INFO  DesktopPage :189 - Expected Product List  [[[ChromeDriver: chrome on windows (c6fb1009a43bfc355a537fe2ad0ba3dd)] -> xpath: //div[@class='caption']//h4/a], [[ChromeDriver: chrome on windows (c6fb1009a43bfc355a537fe2ad0ba3dd)] -> xpath: //div[@class='caption']//h4/a], [[ChromeDriver: chrome on windows (c6fb1009a43bfc355a537fe2ad0ba3dd)] -> xpath: //div[@class='caption']//h4/a], [[ChromeDriver: chrome on windows (c6fb1009a43bfc355a537fe2ad0ba3dd)] -> xpath: //div[@class='caption']//h4/a], [[ChromeDriver: chrome on windows (c6fb1009a43bfc355a537fe2ad0ba3dd)] -> xpath: //div[@class='caption']//h4/a], [[ChromeDriver: chrome on windows (c6fb1009a43bfc355a537fe2ad0ba3dd)] -> xpath: //div[@class='caption']//h4/a], [[ChromeDriver: chrome on windows (c6fb1009a43bfc355a537fe2ad0ba3dd)] -> xpath: //div[@class='caption']//h4/a], [[ChromeDriver: chrome on windows (c6fb1009a43bfc355a537fe2ad0ba3dd)] -> xpath: //div[@class='caption']//h4/a], [[ChromeDriver: chrome on windows (c6fb1009a43bfc355a537fe2ad0ba3dd)] -> xpath: //div[@class='caption']//h4/a], [[ChromeDriver: chrome on windows (c6fb1009a43bfc355a537fe2ad0ba3dd)] -> xpath: //div[@class='caption']//h4/a], [[ChromeDriver: chrome on windows (c6fb1009a43bfc355a537fe2ad0ba3dd)] -> xpath: //div[@class='caption']//h4/a], [[ChromeDriver: chrome on windows (c6fb1009a43bfc355a537fe2ad0ba3dd)] -> xpath: //div[@class='caption']//h4/a]]
2024-06-25 21:06:721 INFO  DesktopPage :202 - After sorting product list  [[[ChromeDriver: chrome on windows (c6fb1009a43bfc355a537fe2ad0ba3dd)] -> xpath: //div[@class='caption']//h4/a], [[ChromeDriver: chrome on windows (c6fb1009a43bfc355a537fe2ad0ba3dd)] -> xpath: //div[@class='caption']//h4/a], [[ChromeDriver: chrome on windows (c6fb1009a43bfc355a537fe2ad0ba3dd)] -> xpath: //div[@class='caption']//h4/a], [[ChromeDriver: chrome on windows (c6fb1009a43bfc355a537fe2ad0ba3dd)] -> xpath: //div[@class='caption']//h4/a], [[ChromeDriver: chrome on windows (c6fb1009a43bfc355a537fe2ad0ba3dd)] -> xpath: //div[@class='caption']//h4/a], [[ChromeDriver: chrome on windows (c6fb1009a43bfc355a537fe2ad0ba3dd)] -> xpath: //div[@class='caption']//h4/a], [[ChromeDriver: chrome on windows (c6fb1009a43bfc355a537fe2ad0ba3dd)] -> xpath: //div[@class='caption']//h4/a], [[ChromeDriver: chrome on windows (c6fb1009a43bfc355a537fe2ad0ba3dd)] -> xpath: //div[@class='caption']//h4/a], [[ChromeDriver: chrome on windows (c6fb1009a43bfc355a537fe2ad0ba3dd)] -> xpath: //div[@class='caption']//h4/a], [[ChromeDriver: chrome on windows (c6fb1009a43bfc355a537fe2ad0ba3dd)] -> xpath: //div[@class='caption']//h4/a], [[ChromeDriver: chrome on windows (c6fb1009a43bfc355a537fe2ad0ba3dd)] -> xpath: //div[@class='caption']//h4/a], [[ChromeDriver: chrome on windows (c6fb1009a43bfc355a537fe2ad0ba3dd)] -> xpath: //div[@class='caption']//h4/a]]
2024-06-25 21:06:892 INFO  DesktopPage :189 - Expected Product List  [[[ChromeDriver: chrome on windows (c6fb1009a43bfc355a537fe2ad0ba3dd)] -> xpath: //div[@class='caption']//h4/a], [[ChromeDriver: chrome on windows (c6fb1009a43bfc355a537fe2ad0ba3dd)] -> xpath: //div[@class='caption']//h4/a], [[ChromeDriver: chrome on windows (c6fb1009a43bfc355a537fe2ad0ba3dd)] -> xpath: //div[@class='caption']//h4/a], [[ChromeDriver: chrome on windows (c6fb1009a43bfc355a537fe2ad0ba3dd)] -> xpath: //div[@class='caption']//h4/a], [[ChromeDriver: chrome on windows (c6fb1009a43bfc355a537fe2ad0ba3dd)] -> xpath: //div[@class='caption']//h4/a], [[ChromeDriver: chrome on windows (c6fb1009a43bfc355a537fe2ad0ba3dd)] -> xpath: //div[@class='caption']//h4/a], [[ChromeDriver: chrome on windows (c6fb1009a43bfc355a537fe2ad0ba3dd)] -> xpath: //div[@class='caption']//h4/a], [[ChromeDriver: chrome on windows (c6fb1009a43bfc355a537fe2ad0ba3dd)] -> xpath: //div[@class='caption']//h4/a], [[ChromeDriver: chrome on windows (c6fb1009a43bfc355a537fe2ad0ba3dd)] -> xpath: //div[@class='caption']//h4/a], [[ChromeDriver: chrome on windows (c6fb1009a43bfc355a537fe2ad0ba3dd)] -> xpath: //div[@class='caption']//h4/a], [[ChromeDriver: chrome on windows (c6fb1009a43bfc355a537fe2ad0ba3dd)] -> xpath: //div[@class='caption']//h4/a], [[ChromeDriver: chrome on windows (c6fb1009a43bfc355a537fe2ad0ba3dd)] -> xpath: //div[@class='caption']//h4/a]]
2024-06-25 21:06:680 INFO  HomePage :88 - Mouse hover on desktops Tab and click [[ChromeDriver: chrome on windows (6ccc7ae88b51927474d46359c505a3ae)] -> link text: Desktops]
2024-06-25 21:06:701 INFO  HomePage :73 - Select Show AllDesktops from [[[ChromeDriver: chrome on windows (6ccc7ae88b51927474d46359c505a3ae)] -> xpath: //nav[@id='menu']//ul/li[contains(@class, 'open')]/div/child::*], [[ChromeDriver: chrome on windows (6ccc7ae88b51927474d46359c505a3ae)] -> xpath: //nav[@id='menu']//ul/li[contains(@class, 'open')]/div/child::*]]
2024-06-25 21:06:407 INFO  HomePage :88 - Mouse hover on desktops Tab and click [[ChromeDriver: chrome on windows (6ccc7ae88b51927474d46359c505a3ae)] -> link text: Desktops]
2024-06-25 21:06:442 INFO  HomePage :73 - Select Show AllDesktops from [[[ChromeDriver: chrome on windows (6ccc7ae88b51927474d46359c505a3ae)] -> xpath: //nav[@id='menu']//ul/li[contains(@class, 'open')]/div/child::*], [[ChromeDriver: chrome on windows (6ccc7ae88b51927474d46359c505a3ae)] -> xpath: //nav[@id='menu']//ul/li[contains(@class, 'open')]/div/child::*]]
2024-06-25 21:06:348 INFO  DesktopPage :179 - Select option product sorted by Name (A - Z)from sort by options [[ChromeDriver: chrome on windows (6ccc7ae88b51927474d46359c505a3ae)] -> xpath: //select[@id='input-sort']]
2024-06-25 21:06:231 INFO  DesktopPage :162 - Clicked on product HTC Touch HD
2024-06-25 21:06:397 INFO  DesktopPage :145 - Clear text from element [[ChromeDriver: chrome on windows (6ccc7ae88b51927474d46359c505a3ae)] -> xpath: //input[@id='input-quantity']]
2024-06-25 21:06:580 INFO  DesktopPage :133 - Clicked on element [[ChromeDriver: chrome on windows (6ccc7ae88b51927474d46359c505a3ae)] -> id: button-cart]
2024-06-25 21:06:795 INFO  ProductPage :106 - Get [[ChromeDriver: chrome on windows (6ccc7ae88b51927474d46359c505a3ae)] -> xpath: //div[@class='alert alert-success alert-dismissible']]
2024-06-25 21:06:161 INFO  DesktopPage :174 - Click on cart link from success message  [[ChromeDriver: chrome on windows (6ccc7ae88b51927474d46359c505a3ae)] -> xpath: //a[normalize-space()='shopping cart']]
2024-06-25 21:06:970 INFO  HomePage :88 - Mouse hover on desktops Tab and click [[ChromeDriver: chrome on windows (ba8339516cbe24940c136128fbf9ba88)] -> link text: Desktops]
2024-06-25 21:06:994 INFO  HomePage :73 - Select Show AllDesktops from [[[ChromeDriver: chrome on windows (ba8339516cbe24940c136128fbf9ba88)] -> xpath: //nav[@id='menu']//ul/li[contains(@class, 'open')]/div/child::*], [[ChromeDriver: chrome on windows (ba8339516cbe24940c136128fbf9ba88)] -> xpath: //nav[@id='menu']//ul/li[contains(@class, 'open')]/div/child::*]]
2024-06-25 21:06:880 INFO  HomePage :88 - Mouse hover on desktops Tab and click [[ChromeDriver: chrome on windows (ba8339516cbe24940c136128fbf9ba88)] -> link text: Desktops]
2024-06-25 21:06:904 INFO  HomePage :73 - Select Show AllDesktops from [[[ChromeDriver: chrome on windows (ba8339516cbe24940c136128fbf9ba88)] -> xpath: //nav[@id='menu']//ul/li[contains(@class, 'open')]/div/child::*], [[ChromeDriver: chrome on windows (ba8339516cbe24940c136128fbf9ba88)] -> xpath: //nav[@id='menu']//ul/li[contains(@class, 'open')]/div/child::*]]
2024-06-25 21:06:715 INFO  DesktopPage :179 - Select option product sorted by Name (A - Z)from sort by options [[ChromeDriver: chrome on windows (ba8339516cbe24940c136128fbf9ba88)] -> xpath: //select[@id='input-sort']]
2024-06-25 21:06:617 INFO  DesktopPage :162 - Clicked on product iPhone
2024-06-25 21:06:784 INFO  DesktopPage :145 - Clear text from element [[ChromeDriver: chrome on windows (ba8339516cbe24940c136128fbf9ba88)] -> xpath: //input[@id='input-quantity']]
2024-06-25 21:06:50 INFO  DesktopPage :133 - Clicked on element [[ChromeDriver: chrome on windows (ba8339516cbe24940c136128fbf9ba88)] -> id: button-cart]
2024-06-25 21:06:268 INFO  ProductPage :106 - Get [[ChromeDriver: chrome on windows (ba8339516cbe24940c136128fbf9ba88)] -> xpath: //div[@class='alert alert-success alert-dismissible']]
2024-06-25 21:06:708 INFO  DesktopPage :174 - Click on cart link from success message  [[ChromeDriver: chrome on windows (ba8339516cbe24940c136128fbf9ba88)] -> xpath: //a[normalize-space()='shopping cart']]
2024-06-25 21:06:930 INFO  HomePage :88 - Mouse hover on desktops Tab and click [[ChromeDriver: chrome on windows (80635da811b55f98ba498808adb92538)] -> link text: Desktops]
2024-06-25 21:06:958 INFO  HomePage :73 - Select Show AllDesktops from [[[ChromeDriver: chrome on windows (80635da811b55f98ba498808adb92538)] -> xpath: //nav[@id='menu']//ul/li[contains(@class, 'open')]/div/child::*], [[ChromeDriver: chrome on windows (80635da811b55f98ba498808adb92538)] -> xpath: //nav[@id='menu']//ul/li[contains(@class, 'open')]/div/child::*]]
2024-06-25 21:06:871 INFO  HomePage :88 - Mouse hover on desktops Tab and click [[ChromeDriver: chrome on windows (80635da811b55f98ba498808adb92538)] -> link text: Desktops]
2024-06-25 21:06:892 INFO  HomePage :73 - Select Show AllDesktops from [[[ChromeDriver: chrome on windows (80635da811b55f98ba498808adb92538)] -> xpath: //nav[@id='menu']//ul/li[contains(@class, 'open')]/div/child::*], [[ChromeDriver: chrome on windows (80635da811b55f98ba498808adb92538)] -> xpath: //nav[@id='menu']//ul/li[contains(@class, 'open')]/div/child::*]]
2024-06-25 21:06:641 INFO  DesktopPage :179 - Select option product sorted by Name (A - Z)from sort by options [[ChromeDriver: chrome on windows (80635da811b55f98ba498808adb92538)] -> xpath: //select[@id='input-sort']]
2024-06-25 21:06:430 INFO  DesktopPage :162 - Clicked on product iPod Classic
2024-06-25 21:06:555 INFO  DesktopPage :145 - Clear text from element [[ChromeDriver: chrome on windows (80635da811b55f98ba498808adb92538)] -> xpath: //input[@id='input-quantity']]
2024-06-25 21:06:752 INFO  DesktopPage :133 - Clicked on element [[ChromeDriver: chrome on windows (80635da811b55f98ba498808adb92538)] -> id: button-cart]
2024-06-25 21:06:957 INFO  ProductPage :106 - Get [[ChromeDriver: chrome on windows (80635da811b55f98ba498808adb92538)] -> xpath: //div[@class='alert alert-success alert-dismissible']]
2024-06-25 21:06:292 INFO  DesktopPage :174 - Click on cart link from success message  [[ChromeDriver: chrome on windows (80635da811b55f98ba498808adb92538)] -> xpath: //a[normalize-space()='shopping cart']]
2024-06-25 21:06:98 INFO  HomePage :88 - Mouse hover on desktops Tab and click [[ChromeDriver: chrome on windows (ede0ca2211670fed25c49b5cad8eae4a)] -> link text: Desktops]
2024-06-25 21:06:122 INFO  HomePage :73 - Select Show AllDesktops from [[[ChromeDriver: chrome on windows (ede0ca2211670fed25c49b5cad8eae4a)] -> xpath: //nav[@id='menu']//ul/li[contains(@class, 'open')]/div/child::*], [[ChromeDriver: chrome on windows (ede0ca2211670fed25c49b5cad8eae4a)] -> xpath: //nav[@id='menu']//ul/li[contains(@class, 'open')]/div/child::*]]
2024-06-25 21:06:975 INFO  HomePage :88 - Mouse hover on desktops Tab and click [[ChromeDriver: chrome on windows (ede0ca2211670fed25c49b5cad8eae4a)] -> link text: Desktops]
2024-06-25 21:06:997 INFO  HomePage :73 - Select Show AllDesktops from [[[ChromeDriver: chrome on windows (ede0ca2211670fed25c49b5cad8eae4a)] -> xpath: //nav[@id='menu']//ul/li[contains(@class, 'open')]/div/child::*], [[ChromeDriver: chrome on windows (ede0ca2211670fed25c49b5cad8eae4a)] -> xpath: //nav[@id='menu']//ul/li[contains(@class, 'open')]/div/child::*]]
2024-06-25 21:06:889 INFO  DesktopPage :179 - Select option product sorted by Name (A - Z)from sort by options [[ChromeDriver: chrome on windows (ede0ca2211670fed25c49b5cad8eae4a)] -> xpath: //select[@id='input-sort']]
2024-06-25 21:06:788 INFO  DesktopPage :162 - Clicked on product MacBook
2024-06-25 21:06:931 INFO  DesktopPage :145 - Clear text from element [[ChromeDriver: chrome on windows (ede0ca2211670fed25c49b5cad8eae4a)] -> xpath: //input[@id='input-quantity']]
2024-06-25 21:06:106 INFO  DesktopPage :133 - Clicked on element [[ChromeDriver: chrome on windows (ede0ca2211670fed25c49b5cad8eae4a)] -> id: button-cart]
2024-06-25 21:06:324 INFO  ProductPage :106 - Get [[ChromeDriver: chrome on windows (ede0ca2211670fed25c49b5cad8eae4a)] -> xpath: //div[@class='alert alert-success alert-dismissible']]
2024-06-25 21:06:654 INFO  DesktopPage :174 - Click on cart link from success message  [[ChromeDriver: chrome on windows (ede0ca2211670fed25c49b5cad8eae4a)] -> xpath: //a[normalize-space()='shopping cart']]
2024-06-25 21:06:193 INFO  HomePage :88 - Mouse hover on desktops Tab and click [[ChromeDriver: chrome on windows (368e4114eb59090b51257fa015a2e238)] -> link text: Desktops]
2024-06-25 21:06:219 INFO  HomePage :73 - Select Show AllDesktops from [[[ChromeDriver: chrome on windows (368e4114eb59090b51257fa015a2e238)] -> xpath: //nav[@id='menu']//ul/li[contains(@class, 'open')]/div/child::*], [[ChromeDriver: chrome on windows (368e4114eb59090b51257fa015a2e238)] -> xpath: //nav[@id='menu']//ul/li[contains(@class, 'open')]/div/child::*]]
2024-06-25 21:06:282 INFO  HomePage :88 - Mouse hover on desktops Tab and click [[ChromeDriver: chrome on windows (368e4114eb59090b51257fa015a2e238)] -> link text: Desktops]
2024-06-25 21:06:317 INFO  HomePage :73 - Select Show AllDesktops from [[[ChromeDriver: chrome on windows (368e4114eb59090b51257fa015a2e238)] -> xpath: //nav[@id='menu']//ul/li[contains(@class, 'open')]/div/child::*], [[ChromeDriver: chrome on windows (368e4114eb59090b51257fa015a2e238)] -> xpath: //nav[@id='menu']//ul/li[contains(@class, 'open')]/div/child::*]]
2024-06-25 21:06:87 INFO  DesktopPage :179 - Select option product sorted by Name (A - Z)from sort by options [[ChromeDriver: chrome on windows (368e4114eb59090b51257fa015a2e238)] -> xpath: //select[@id='input-sort']]
2024-06-25 21:06:474 INFO  DesktopPage :162 - Clicked on product MacBook Air
2024-06-25 21:06:590 INFO  DesktopPage :145 - Clear text from element [[ChromeDriver: chrome on windows (368e4114eb59090b51257fa015a2e238)] -> xpath: //input[@id='input-quantity']]
2024-06-25 21:06:785 INFO  DesktopPage :133 - Clicked on element [[ChromeDriver: chrome on windows (368e4114eb59090b51257fa015a2e238)] -> id: button-cart]
2024-06-25 21:06:06 INFO  ProductPage :106 - Get [[ChromeDriver: chrome on windows (368e4114eb59090b51257fa015a2e238)] -> xpath: //div[@class='alert alert-success alert-dismissible']]
2024-06-25 21:06:381 INFO  DesktopPage :174 - Click on cart link from success message  [[ChromeDriver: chrome on windows (368e4114eb59090b51257fa015a2e238)] -> xpath: //a[normalize-space()='shopping cart']]
2024-06-25 21:06:491 INFO  HomePage :88 - Mouse hover on desktops Tab and click [[ChromeDriver: chrome on windows (343ea1b878a9cc85e945f869e1bcdcc0)] -> link text: Desktops]
2024-06-25 21:06:534 INFO  HomePage :73 - Select Show AllDesktops from [[[ChromeDriver: chrome on windows (343ea1b878a9cc85e945f869e1bcdcc0)] -> xpath: //nav[@id='menu']//ul/li[contains(@class, 'open')]/div/child::*], [[ChromeDriver: chrome on windows (343ea1b878a9cc85e945f869e1bcdcc0)] -> xpath: //nav[@id='menu']//ul/li[contains(@class, 'open')]/div/child::*]]
2024-06-25 21:06:250 INFO  HomePage :88 - Mouse hover on desktops Tab and click [[ChromeDriver: chrome on windows (343ea1b878a9cc85e945f869e1bcdcc0)] -> link text: Desktops]
2024-06-25 21:06:282 INFO  HomePage :73 - Select Show AllDesktops from [[[ChromeDriver: chrome on windows (343ea1b878a9cc85e945f869e1bcdcc0)] -> xpath: //nav[@id='menu']//ul/li[contains(@class, 'open')]/div/child::*], [[ChromeDriver: chrome on windows (343ea1b878a9cc85e945f869e1bcdcc0)] -> xpath: //nav[@id='menu']//ul/li[contains(@class, 'open')]/div/child::*]]
2024-06-25 21:06:117 INFO  DesktopPage :179 - Select option product sorted by Name (A - Z)from sort by options [[ChromeDriver: chrome on windows (343ea1b878a9cc85e945f869e1bcdcc0)] -> xpath: //select[@id='input-sort']]
2024-06-25 21:06:905 INFO  DesktopPage :162 - Clicked on product Sony VAIO
2024-06-25 21:06:49 INFO  DesktopPage :145 - Clear text from element [[ChromeDriver: chrome on windows (343ea1b878a9cc85e945f869e1bcdcc0)] -> xpath: //input[@id='input-quantity']]
2024-06-25 21:06:232 INFO  DesktopPage :133 - Clicked on element [[ChromeDriver: chrome on windows (343ea1b878a9cc85e945f869e1bcdcc0)] -> id: button-cart]
2024-06-25 21:06:447 INFO  ProductPage :106 - Get [[ChromeDriver: chrome on windows (343ea1b878a9cc85e945f869e1bcdcc0)] -> xpath: //div[@class='alert alert-success alert-dismissible']]
2024-06-25 21:06:778 INFO  DesktopPage :174 - Click on cart link from success message  [[ChromeDriver: chrome on windows (343ea1b878a9cc85e945f869e1bcdcc0)] -> xpath: //a[normalize-space()='shopping cart']]
2024-06-25 21:06:511 INFO  HomePage :94 - Mouse hover on laptops and Notebooks Tab and click [[ChromeDriver: chrome on windows (4ee039410883777007e806e958bb7dd0)] -> link text: Laptops & Notebooks]
2024-06-25 21:06:537 INFO  HomePage :73 - Select Show AllLaptops & Notebooks from [[[ChromeDriver: chrome on windows (4ee039410883777007e806e958bb7dd0)] -> xpath: //nav[@id='menu']//ul/li[contains(@class, 'open')]/div/child::*], [[ChromeDriver: chrome on windows (4ee039410883777007e806e958bb7dd0)] -> xpath: //nav[@id='menu']//ul/li[contains(@class, 'open')]/div/child::*]]
2024-06-25 21:06:112 INFO  DesktopPage :109 - Select text from visible text in Price (High > Low)[[ChromeDriver: chrome on windows (4ee039410883777007e806e958bb7dd0)] -> id: input-sort]
2024-06-25 21:06:590 INFO  LaptopAndNotebookPage :177 - Verify Product sorted  price High to low [[[ChromeDriver: chrome on windows (4ee039410883777007e806e958bb7dd0)] -> xpath: //p[@class ='price']], [[ChromeDriver: chrome on windows (4ee039410883777007e806e958bb7dd0)] -> xpath: //p[@class ='price']], [[ChromeDriver: chrome on windows (4ee039410883777007e806e958bb7dd0)] -> xpath: //p[@class ='price']], [[ChromeDriver: chrome on windows (4ee039410883777007e806e958bb7dd0)] -> xpath: //p[@class ='price']], [[ChromeDriver: chrome on windows (4ee039410883777007e806e958bb7dd0)] -> xpath: //p[@class ='price']]]
2024-06-25 21:06:677 INFO  LaptopAndNotebookPage :177 - Verify Product sorted  price High to low [[[ChromeDriver: chrome on windows (4ee039410883777007e806e958bb7dd0)] -> xpath: //p[@class ='price']], [[ChromeDriver: chrome on windows (4ee039410883777007e806e958bb7dd0)] -> xpath: //p[@class ='price']], [[ChromeDriver: chrome on windows (4ee039410883777007e806e958bb7dd0)] -> xpath: //p[@class ='price']], [[ChromeDriver: chrome on windows (4ee039410883777007e806e958bb7dd0)] -> xpath: //p[@class ='price']], [[ChromeDriver: chrome on windows (4ee039410883777007e806e958bb7dd0)] -> xpath: //p[@class ='price']]]
2024-06-25 21:06:694 INFO  HomePage :94 - Mouse hover on laptops and Notebooks Tab and click [[ChromeDriver: chrome on windows (a201a7ca5170b2b0285d5a5ed799d193)] -> link text: Laptops & Notebooks]
2024-06-25 21:06:716 INFO  HomePage :73 - Select Show AllLaptops & Notebooks from [[[ChromeDriver: chrome on windows (a201a7ca5170b2b0285d5a5ed799d193)] -> xpath: //nav[@id='menu']//ul/li[contains(@class, 'open')]/div/child::*], [[ChromeDriver: chrome on windows (a201a7ca5170b2b0285d5a5ed799d193)] -> xpath: //nav[@id='menu']//ul/li[contains(@class, 'open')]/div/child::*]]
2024-06-25 21:06:257 INFO  DesktopPage :109 - Select text from visible text in Price (High > Low)[[ChromeDriver: chrome on windows (a201a7ca5170b2b0285d5a5ed799d193)] -> id: input-sort]
2024-06-25 21:06:468 INFO  DesktopPage :162 - Clicked on product HP LP3065
2024-06-25 21:06:601 INFO  ProductPage :82 - Add to cart button clicked [[ChromeDriver: chrome on windows (a201a7ca5170b2b0285d5a5ed799d193)] -> xpath: //button[@id='button-cart']]
2024-06-25 21:06:759 INFO  ProductPage :106 - Get [[ChromeDriver: chrome on windows (a201a7ca5170b2b0285d5a5ed799d193)] -> xpath: //div[@class='alert alert-success alert-dismissible']]
2024-06-25 21:06:165 INFO  ProductPage :96 - Shopping cart message not shown in [[ChromeDriver: chrome on windows (a201a7ca5170b2b0285d5a5ed799d193)] -> xpath: //a[contains(text(),'shopping cart')]]
2024-06-25 21:06:147 INFO  LaptopAndNotebookPage :206 - Send text to mandatory field as [[ChromeDriver: chrome on windows (a201a7ca5170b2b0285d5a5ed799d193)] -> id: input-payment-firstname] and value is  Priyanka
2024-06-25 21:06:363 INFO  LaptopAndNotebookPage :206 - Send text to mandatory field as [[ChromeDriver: chrome on windows (a201a7ca5170b2b0285d5a5ed799d193)] -> id: input-payment-lastname] and value is  Korat
2024-06-25 21:06:577 INFO  LaptopAndNotebookPage :206 - Send text to mandatory field as [[ChromeDriver: chrome on windows (a201a7ca5170b2b0285d5a5ed799d193)] -> id: input-payment-email] and value is  priyanka+123@gmail.com
2024-06-25 21:06:718 INFO  LaptopAndNotebookPage :206 - Send text to mandatory field as [[ChromeDriver: chrome on windows (a201a7ca5170b2b0285d5a5ed799d193)] -> id: input-payment-telephone] and value is  07438939393993
2024-06-25 21:06:861 INFO  LaptopAndNotebookPage :206 - Send text to mandatory field as [[ChromeDriver: chrome on windows (a201a7ca5170b2b0285d5a5ed799d193)] -> id: input-payment-address-1] and value is  Sydney
2024-06-25 21:06:993 INFO  LaptopAndNotebookPage :206 - Send text to mandatory field as [[ChromeDriver: chrome on windows (a201a7ca5170b2b0285d5a5ed799d193)] -> id: input-payment-city] and value is  London
2024-06-25 21:06:131 INFO  LaptopAndNotebookPage :206 - Send text to mandatory field as [[ChromeDriver: chrome on windows (a201a7ca5170b2b0285d5a5ed799d193)] -> id: input-payment-postcode] and value is  HA9 7AX
2024-06-25 21:06:266 INFO  LaptopAndNotebookPage :211 - Enter state text to mandatory field as [[ChromeDriver: chrome on windows (a201a7ca5170b2b0285d5a5ed799d193)] -> id: input-payment-zone] and value is  3553
2024-06-25 21:06:119 INFO  HomePage :143 - Clicking on My Account Link [[ChromeDriver: chrome on windows (1a1723c6c17c5f1462f9ab0ef618557b)] -> xpath: //span[contains(text(),'My Account')]]
2024-06-25 21:06:124 INFO  HomePage :104 - Selected option is Register
2024-06-25 21:06:747 INFO  RegisterPage :53 - Verify the text “Register Account”. [[ChromeDriver: chrome on windows (1a1723c6c17c5f1462f9ab0ef618557b)] -> xpath: //h1[contains(text(),'Register Account')]]
2024-06-25 21:06:404 INFO  HomePage :143 - Clicking on My Account Link [[ChromeDriver: chrome on windows (49a2136998be6b03050e0519a5ae0ae3)] -> xpath: //span[contains(text(),'My Account')]]
2024-06-25 21:06:409 INFO  HomePage :104 - Selected option is Login
2024-06-25 21:06:770 INFO  LoginPage :31 - Verify the text “Returning Customer” [[ChromeDriver: chrome on windows (49a2136998be6b03050e0519a5ae0ae3)] -> xpath: //h2[contains(text(),'Returning Customer')]]
2024-06-25 21:06:633 INFO  HomePage :143 - Clicking on My Account Link [[ChromeDriver: chrome on windows (2df482853fd04b38be8dc155e84e39ba)] -> xpath: //span[contains(text(),'My Account')]]
2024-06-25 21:06:638 INFO  HomePage :104 - Selected option is Register
2024-06-25 21:06:306 INFO  RegisterPage :59 - Enter Firstname Priyanka to Firstname field [[ChromeDriver: chrome on windows (2df482853fd04b38be8dc155e84e39ba)] -> id: input-firstname]
2024-06-25 21:06:425 INFO  RegisterPage :64 - Enter Lastname Korat to Lastname field [[ChromeDriver: chrome on windows (2df482853fd04b38be8dc155e84e39ba)] -> id: input-lastname]
2024-06-25 21:06:645 INFO  RegisterPage :70 - Enter email sanganipriyankaIBd@gmail.com to email field 
2024-06-25 21:06:788 INFO  RegisterPage :75 - Enter Telephone 07678678678 to Telephone field [[ChromeDriver: chrome on windows (2df482853fd04b38be8dc155e84e39ba)] -> id: input-telephone]
2024-06-25 21:06:924 INFO  RegisterPage :80 - Enter Password Test@123 to Password field [[ChromeDriver: chrome on windows (2df482853fd04b38be8dc155e84e39ba)] -> id: input-password]
2024-06-25 21:06:40 INFO  RegisterPage :85 - Enter ConfirmPassword Test@123 to ConfirmPassword field [[ChromeDriver: chrome on windows (2df482853fd04b38be8dc155e84e39ba)] -> id: input-confirm]
2024-06-25 21:06:81 INFO  RegisterPage :97 - Select Subscribe yes radio button [[[ChromeDriver: chrome on windows (2df482853fd04b38be8dc155e84e39ba)] -> xpath: //fieldset[3]//input], [[ChromeDriver: chrome on windows (2df482853fd04b38be8dc155e84e39ba)] -> xpath: //fieldset[3]//input]]
2024-06-25 21:06:160 INFO  RegisterPage :102 - Click on Privacy Policy check box [[ChromeDriver: chrome on windows (2df482853fd04b38be8dc155e84e39ba)] -> xpath: //input[@name='agree']]
2024-06-25 21:06:764 INFO  RegisterPage :107 - Clicking on Continue Button [[ChromeDriver: chrome on windows (2df482853fd04b38be8dc155e84e39ba)] -> xpath: //input[@type='submit']]
2024-06-25 21:06:786 INFO  RegisterPage :112 - Verify the message “Your Account Has Been Created!” [[ChromeDriver: chrome on windows (2df482853fd04b38be8dc155e84e39ba)] -> xpath: //h1[text()='Your Account Has Been Created!']]
2024-06-25 21:06:203 INFO  RegisterPage :118 - Clicking on Continue Button [[ChromeDriver: chrome on windows (2df482853fd04b38be8dc155e84e39ba)] -> xpath: //a[text()='Continue']]
2024-06-25 21:06:275 INFO  HomePage :143 - Clicking on My Account Link [[ChromeDriver: chrome on windows (2df482853fd04b38be8dc155e84e39ba)] -> xpath: //span[contains(text(),'My Account')]]
2024-06-25 21:06:282 INFO  HomePage :104 - Selected option is Logout
2024-06-25 21:06:808 INFO  LogoutPage :21 - Verify text "Account Logout" [[ChromeDriver: chrome on windows (2df482853fd04b38be8dc155e84e39ba)] -> xpath: //h1[text()='Account Logout']]
2024-06-25 21:06:162 INFO  RegisterPage :118 - Clicking on Continue Button [[ChromeDriver: chrome on windows (2df482853fd04b38be8dc155e84e39ba)] -> xpath: //a[text()='Continue']]
2024-06-25 21:06:459 INFO  HomePage :143 - Clicking on My Account Link [[ChromeDriver: chrome on windows (ce8c586658932736d5985e85e32d2e64)] -> xpath: //span[contains(text(),'My Account')]]
2024-06-25 21:06:462 INFO  HomePage :104 - Selected option is Login
2024-06-25 21:06:42 INFO  LoginPage :38 - Enter email sanganipriyankasKQ@gmail.comto email field [[ChromeDriver: chrome on windows (ce8c586658932736d5985e85e32d2e64)] -> id: input-email]
2024-06-25 21:06:145 INFO  LoginPage :44 - Enter password Test@123to password field [[ChromeDriver: chrome on windows (ce8c586658932736d5985e85e32d2e64)] -> id: input-password]
2024-06-25 21:06:784 INFO  LoginPage :50 - Clicking on Login Button [[ChromeDriver: chrome on windows (ce8c586658932736d5985e85e32d2e64)] -> xpath: //input[@value='Login']]
2024-06-25 21:06:814 INFO  LoginPage :55 - Verify text “My Account” [[ChromeDriver: chrome on windows (ce8c586658932736d5985e85e32d2e64)] -> xpath: //h2[text()='My Account']]
2024-06-25 21:06:886 INFO  HomePage :143 - Clicking on My Account Link [[ChromeDriver: chrome on windows (ce8c586658932736d5985e85e32d2e64)] -> xpath: //span[contains(text(),'My Account')]]
2024-06-25 21:06:888 INFO  HomePage :104 - Selected option is Logout
2024-06-25 21:06:415 INFO  LogoutPage :21 - Verify text "Account Logout" [[ChromeDriver: chrome on windows (ce8c586658932736d5985e85e32d2e64)] -> xpath: //h1[text()='Account Logout']]
2024-06-25 21:06:758 INFO  RegisterPage :118 - Clicking on Continue Button [[ChromeDriver: chrome on windows (ce8c586658932736d5985e85e32d2e64)] -> xpath: //a[text()='Continue']]
2024-06-25 21:06:319 INFO  HomePage :88 - Mouse hover on desktops Tab and click [[ChromeDriver: chrome on windows (54041e41d05a154648f5027959b2128a)] -> link text: Desktops]
2024-06-25 21:06:338 INFO  HomePage :73 - Select Show AllDesktops from [[[ChromeDriver: chrome on windows (54041e41d05a154648f5027959b2128a)] -> xpath: //nav[@id='menu']//ul/li[contains(@class, 'open')]/div/child::*], [[ChromeDriver: chrome on windows (54041e41d05a154648f5027959b2128a)] -> xpath: //nav[@id='menu']//ul/li[contains(@class, 'open')]/div/child::*]]
2024-06-25 21:06:138 INFO  DesktopPage :103 - Getting desktop text [[ChromeDriver: chrome on windows (54041e41d05a154648f5027959b2128a)] -> xpath: //h2[contains(text(),'Desktops')]]
2024-06-25 21:06:554 INFO  HomePage :94 - Mouse hover on laptops and Notebooks Tab and click [[ChromeDriver: chrome on windows (f179dbabe10ba8d6f6d28f0bf2f2dabb)] -> link text: Laptops & Notebooks]
2024-06-25 21:06:582 INFO  HomePage :73 - Select Show AllLaptops & Notebooks from [[[ChromeDriver: chrome on windows (f179dbabe10ba8d6f6d28f0bf2f2dabb)] -> xpath: //nav[@id='menu']//ul/li[contains(@class, 'open')]/div/child::*], [[ChromeDriver: chrome on windows (f179dbabe10ba8d6f6d28f0bf2f2dabb)] -> xpath: //nav[@id='menu']//ul/li[contains(@class, 'open')]/div/child::*]]
2024-06-25 21:06:203 INFO  LaptopAndNotebookPage :132 - Get Laptops&Notebooks tab text  [[ChromeDriver: chrome on windows (f179dbabe10ba8d6f6d28f0bf2f2dabb)] -> xpath: //h2[contains(text(),'Laptops & Notebooks')]]
2024-06-25 21:06:169 INFO  HomePage :99 - Mouse hover on component Tab and click [[ChromeDriver: chrome on windows (bb778e19b48e89331e5d101894cc7444)] -> link text: Components]
2024-06-25 21:06:196 INFO  HomePage :73 - Select Show AllComponents from [[[ChromeDriver: chrome on windows (bb778e19b48e89331e5d101894cc7444)] -> xpath: //nav[@id='menu']//ul/li[contains(@class, 'open')]/div/child::*], [[ChromeDriver: chrome on windows (bb778e19b48e89331e5d101894cc7444)] -> xpath: //nav[@id='menu']//ul/li[contains(@class, 'open')]/div/child::*]]
2024-06-25 21:06:628 INFO  ComponentsPage :17 - Get component text[[ChromeDriver: chrome on windows (bb778e19b48e89331e5d101894cc7444)] -> xpath: //h2[contains(text(),'Components')]]
